ERROR:root:This is a error message.
WARNING:root:This is a warning message.
INFO:root:This is a info message.
DEBUG:root:This is a debug message.
INFO:root:-----------------------------------
ERROR:root:This is a error message.
WARNING:root:This is a warning message.
INFO:root:This is a info message.
DEBUG:root:This is a debug message.
INFO:root:-----------------------------------
ERROR:root:This is a error message.
WARNING:root:This is a warning message.
INFO:root:This is a info message.
DEBUG:root:This is a debug message.
INFO:root:-----------------------------------
ERROR:root:This is a error message.
WARNING:root:This is a warning message.
INFO:root:This is a info message.
DEBUG:root:This is a debug message.
INFO:root:-----------------------------------
