[2018-08-1002:26:01 PM-<ipython-input-2-870701b648cb>-ERROR:This is a error message.]
[2018-08-1002:26:01 PM-<ipython-input-2-870701b648cb>-WARNING:This is a warning message.]
[2018-08-1002:26:01 PM-<ipython-input-2-870701b648cb>-INFO:This is a info message.]
[2018-08-1002:26:01 PM-<ipython-input-2-870701b648cb>-DEBUG:This is a debug message.]
[2018-08-1002:26:01 PM-<ipython-input-2-870701b648cb>-INFO:-----------------------------------]
[2018-08-1002:26:43 PM-<ipython-input-3-870701b648cb>-ERROR:This is a error message.]
[2018-08-1002:26:43 PM-<ipython-input-3-870701b648cb>-WARNING:This is a warning message.]
[2018-08-1002:26:43 PM-<ipython-input-3-870701b648cb>-INFO:This is a info message.]
[2018-08-1002:26:43 PM-<ipython-input-3-870701b648cb>-DEBUG:This is a debug message.]
[2018-08-1002:26:43 PM-<ipython-input-3-870701b648cb>-INFO:-----------------------------------]
[2018-08-1002:26:47 PM-<ipython-input-4-870701b648cb>-ERROR:This is a error message.]
[2018-08-1002:26:47 PM-<ipython-input-4-870701b648cb>-WARNING:This is a warning message.]
[2018-08-1002:26:47 PM-<ipython-input-4-870701b648cb>-INFO:This is a info message.]
[2018-08-1002:26:47 PM-<ipython-input-4-870701b648cb>-DEBUG:This is a debug message.]
[2018-08-1002:26:47 PM-<ipython-input-4-870701b648cb>-INFO:-----------------------------------]
[2018-08-1002:26:48 PM-<ipython-input-5-870701b648cb>-ERROR:This is a error message.]
[2018-08-1002:26:48 PM-<ipython-input-5-870701b648cb>-WARNING:This is a warning message.]
[2018-08-1002:26:48 PM-<ipython-input-5-870701b648cb>-INFO:This is a info message.]
[2018-08-1002:26:48 PM-<ipython-input-5-870701b648cb>-DEBUG:This is a debug message.]
[2018-08-1002:26:48 PM-<ipython-input-5-870701b648cb>-INFO:-----------------------------------]
